\BOOKMARK [0][-]{section*.1}{Contents}{}% 1
\BOOKMARK [0][-]{section*.2}{List of Figures}{}% 2
\BOOKMARK [0][-]{section*.3}{List of Tables}{}% 3
\BOOKMARK [0][-]{chapter*.4}{Introduction}{}% 4
\BOOKMARK [0][-]{chapter.1}{Punctuated non-equilibrium and niche conservatism explain biodiversity fluctuations through the Phanerozoic}{}% 5
\BOOKMARK [1][-]{section.1.1}{Background}{chapter.1}% 6
\BOOKMARK [1][-]{section.1.2}{Methods}{chapter.1}% 7
\BOOKMARK [1][-]{section.1.3}{Results and Discussion}{chapter.1}% 8
\BOOKMARK [1][-]{section.1.4}{Conclusion}{chapter.1}% 9
\BOOKMARK [0][-]{chapter.2}{Community assembly on isolated islands: macroecology meets evolution}{}% 10
\BOOKMARK [1][-]{section.2.1}{Introduction}{chapter.2}% 11
\BOOKMARK [1][-]{section.2.2}{Methods}{chapter.2}% 12
\BOOKMARK [1][-]{section.2.3}{Results}{chapter.2}% 13
\BOOKMARK [1][-]{section.2.4}{Discussion}{chapter.2}% 14
\BOOKMARK [1][-]{section.2.5}{Conclusions}{chapter.2}% 15
\BOOKMARK [0][-]{chapter.3}{meteR: An R package for testing the Maximum Entropy Theory of Ecology}{}% 16
\BOOKMARK [1][-]{section.3.1}{Background on the Maximum Entropy Theory of Ecology}{chapter.3}% 17
\BOOKMARK [1][-]{section.3.2}{meteR}{chapter.3}% 18
\BOOKMARK [1][-]{section.3.3}{Package Features}{chapter.3}% 19
\BOOKMARK [1][-]{section.3.4}{Sample Code}{chapter.3}% 20
\BOOKMARK [1][-]{section.3.5}{Conclusions}{chapter.3}% 21
